c:\users\student\documents\visual studio 2015\projects\2dシューティングゲーム2\debug\vc140.pdb
c:\users\student\documents\visual studio 2015\projects\2dシューティングゲーム2\debug\vc140.idb
c:\users\student\documents\visual studio 2015\projects\2dシューティングゲーム2\debug\g_possession.obj
c:\users\student\documents\visual studio 2015\projects\2dシューティングゲーム2\debug\high_score.obj
c:\users\student\documents\visual studio 2015\projects\2dシューティングゲーム2\debug\input.obj
c:\users\student\documents\visual studio 2015\projects\2dシューティングゲーム2\debug\input_gamepad.obj
c:\users\student\documents\visual studio 2015\projects\2dシューティングゲーム2\debug\input_keyboard.obj
c:\users\student\documents\visual studio 2015\projects\2dシューティングゲーム2\debug\life.obj
c:\users\student\documents\visual studio 2015\projects\2dシューティングゲーム2\debug\main.obj
c:\users\student\documents\visual studio 2015\projects\2dシューティングゲーム2\debug\manager.obj
c:\users\student\documents\visual studio 2015\projects\2dシューティングゲーム2\debug\number.obj
c:\users\student\documents\visual studio 2015\projects\2dシューティングゲーム2\debug\player.obj
c:\users\student\documents\visual studio 2015\projects\2dシューティングゲーム2\debug\position.obj
c:\users\student\documents\visual studio 2015\projects\2dシューティングゲーム2\debug\renderer.obj
c:\users\student\documents\visual studio 2015\projects\2dシューティングゲーム2\debug\scene.obj
c:\users\student\documents\visual studio 2015\projects\2dシューティングゲーム2\debug\scene2d.obj
c:\users\student\documents\visual studio 2015\projects\2dシューティングゲーム2\debug\score.obj
c:\users\student\documents\visual studio 2015\projects\2dシューティングゲーム2\debug\straight.obj
c:\users\student\documents\visual studio 2015\projects\2dシューティングゲーム2\debug\time.obj
c:\users\student\documents\visual studio 2015\projects\2dシューティングゲーム2\debug\title.obj
c:\users\student\documents\visual studio 2015\projects\2dシューティングゲーム2\debug\tutorial.obj
c:\users\student\documents\visual studio 2015\projects\2dシューティングゲーム2\debug\ui.obj
c:\users\student\documents\visual studio 2015\projects\2dシューティングゲーム2\debug\bg.obj
c:\users\student\documents\visual studio 2015\projects\2dシューティングゲーム2\debug\bullet.obj
c:\users\student\documents\visual studio 2015\projects\2dシューティングゲーム2\debug\bullet_magazine.obj
c:\users\student\documents\visual studio 2015\projects\2dシューティングゲーム2\debug\bullet_total.obj
c:\users\student\documents\visual studio 2015\projects\2dシューティングゲーム2\debug\clear.obj
c:\users\student\documents\visual studio 2015\projects\2dシューティングゲーム2\debug\effect.obj
c:\users\student\documents\visual studio 2015\projects\2dシューティングゲーム2\debug\enemy.obj
c:\users\student\documents\visual studio 2015\projects\2dシューティングゲーム2\debug\fade.obj
c:\users\student\documents\visual studio 2015\projects\2dシューティングゲーム2\debug\flash_grenade.obj
c:\users\student\documents\visual studio 2015\projects\2dシューティングゲーム2\debug\f_g_possession.obj
c:\users\student\documents\visual studio 2015\projects\2dシューティングゲーム2\debug\game.obj
c:\users\student\documents\visual studio 2015\projects\2dシューティングゲーム2\debug\grenade.obj
c:\users\student\documents\visual studio 2015\projects\2dシューティングゲーム2\debug\2dシューティングゲーム2.ilk
c:\users\student\documents\visual studio 2015\projects\2dシューティングゲーム2\debug\2dシューティングゲーム2.exe
c:\users\student\documents\visual studio 2015\projects\2dシューティングゲーム2\debug\2dシューティングゲーム2.pdb
c:\users\student\documents\visual studio 2015\projects\2dシューティングゲーム2\debug\2dシューティングゲーム2.tlog\cl.command.1.tlog
c:\users\student\documents\visual studio 2015\projects\2dシューティングゲーム2\debug\2dシューティングゲーム2.tlog\cl.read.1.tlog
c:\users\student\documents\visual studio 2015\projects\2dシューティングゲーム2\debug\2dシューティングゲーム2.tlog\cl.write.1.tlog
c:\users\student\documents\visual studio 2015\projects\2dシューティングゲーム2\debug\2dシューティングゲーム2.tlog\link.command.1.tlog
c:\users\student\documents\visual studio 2015\projects\2dシューティングゲーム2\debug\2dシューティングゲーム2.tlog\link.read.1.tlog
c:\users\student\documents\visual studio 2015\projects\2dシューティングゲーム2\debug\2dシューティングゲーム2.tlog\link.write.1.tlog
