  xinput_gamepad.cpp
  ui.cpp
  tutorial.cpp
  title.cpp
  time.cpp
  texture.cpp
  supplies.cpp
  stage_data.cpp
  stage.cpp
  sound.cpp
  score.cpp
  scene3D.cpp
  scene2D.cpp
  scene.cpp
  result.cpp
  renderer.cpp
  rankingdata.cpp
  ranking2.cpp
  ranking.cpp
  polygon.cpp
  コードを生成中...
  コンパイル中...
  player.cpp
  number.cpp
  mouse.cpp
  motion.cpp
  model.cpp
  meshfield.cpp
  menu.cpp
  manager.cpp
  main.cpp
  light.cpp
  keyboard.cpp
  input.cpp
  goal.cpp
  game.cpp
  fade.cpp
  enemy.cpp
  effect_straight.cpp
  effect_states.cpp
  effect_speed.cpp
  effect_smoke.cpp
  コードを生成中...
  コンパイル中...
  effect_dust.cpp
  effect.cpp
  camera.cpp
  bullet.cpp
  billeffect.cpp
  billboard.cpp
  bg.cpp
  3dpolygon.cpp
  コードを生成中...
  Escape Transporter.vcxproj -> C:\Users\student\Downloads\Escape Transporter\Escape Transporter\Debug\Escape Transporter.exe
  Escape Transporter.vcxproj -> C:\Users\student\Downloads\Escape Transporter\Escape Transporter\Debug\Escape Transporter.pdb (Full PDB)
